<?xml version="1.0" encoding="UTF-8"?>
<testsuite name="jpabook.jpashop.service.OrderServiceTest" tests="3" skipped="0" failures="0" errors="0" timestamp="2021-06-03T09:09:46" hostname="SongTaegilui-MacBook-Air.local" time="0.453">
  <properties/>
  <testcase name="상품주문_재고수량초과" classname="jpabook.jpashop.service.OrderServiceTest" time="0.37"/>
  <testcase name="상품주문" classname="jpabook.jpashop.service.OrderServiceTest" time="0.058"/>
  <testcase name="주문취소" classname="jpabook.jpashop.service.OrderServiceTest" time="0.02"/>
  <system-out><![CDATA[2021-06-03 18:09:46.721  INFO 18203 --- [    Test worker] o.s.t.c.transaction.TransactionContext   : Began transaction (1) for test context [DefaultTestContext@5cf81f34 testClass = OrderServiceTest, testInstance = jpabook.jpashop.service.OrderServiceTest@3a388d00, testMethod = 상품주문_재고수량초과@OrderServiceTest, testException = [null], mergedContextConfiguration = [WebMergedContextConfiguration@6ee305af testClass = OrderServiceTest, locations = '{}', classes = '{class jpabook.jpashop.JpashopApplication}', contextInitializerClasses = '[]', activeProfiles = '{}', propertySourceLocations = '{}', propertySourceProperties = '{org.springframework.boot.test.context.SpringBootTestContextBootstrapper=true}', contextCustomizers = set[org.springframework.boot.test.autoconfigure.actuate.metrics.MetricsExportContextCustomizerFactory$DisableMetricExportContextCustomizer@35059095, org.springframework.boot.test.autoconfigure.properties.PropertyMappingContextCustomizer@0, org.springframework.boot.test.autoconfigure.web.servlet.WebDriverContextCustomizerFactory$Customizer@455f8651, org.springframework.boot.test.context.filter.ExcludeFilterContextCustomizer@30302645, org.springframework.boot.test.json.DuplicateJsonObjectContextCustomizerFactory$DuplicateJsonObjectContextCustomizer@2ba1f43e, org.springframework.boot.test.mock.mockito.MockitoContextCustomizer@0, org.springframework.boot.test.web.client.TestRestTemplateContextCustomizer@6bce51e, org.springframework.boot.test.context.SpringBootTestArgs@1, org.springframework.boot.test.context.SpringBootTestWebEnvironment@57cd998f], resourceBasePath = 'src/main/webapp', contextLoader = 'org.springframework.boot.test.context.SpringBootContextLoader', parent = [null]], attributes = map['org.springframework.test.context.web.ServletTestExecutionListener.activateListener' -> true, 'org.springframework.test.context.web.ServletTestExecutionListener.populatedRequestContextHolder' -> true, 'org.springframework.test.context.web.ServletTestExecutionListener.resetRequestContextHolder' -> true, 'org.springframework.test.context.event.ApplicationEventsTestExecutionListener.recordApplicationEvents' -> false]]; transaction manager [org.springframework.orm.jpa.JpaTransactionManager@1edabd2e]; rollback [true]
2021-06-03 18:09:46.740 DEBUG 18203 --- [    Test worker] org.hibernate.SQL                        : call next value for hibernate_sequence
2021-06-03 18:09:46.756  INFO 18203 --- [    Test worker] p6spy                                    : #1622711386756 | took 6ms | statement | connection 5| url jdbc:h2:mem:981e8929-77d5-46e7-8116-5b254fd886cb
call next value for hibernate_sequence
call next value for hibernate_sequence;
2021-06-03 18:09:46.819 DEBUG 18203 --- [    Test worker] org.hibernate.SQL                        : call next value for hibernate_sequence
2021-06-03 18:09:46.819  INFO 18203 --- [    Test worker] p6spy                                    : #1622711386819 | took 0ms | statement | connection 5| url jdbc:h2:mem:981e8929-77d5-46e7-8116-5b254fd886cb
call next value for hibernate_sequence
call next value for hibernate_sequence;
2021-06-03 18:09:46.870  INFO 18203 --- [    Test worker] p6spy                                    : #1622711386870 | took 0ms | rollback | connection 5| url jdbc:h2:mem:981e8929-77d5-46e7-8116-5b254fd886cb

;
2021-06-03 18:09:46.877  INFO 18203 --- [    Test worker] o.s.t.c.transaction.TransactionContext   : Rolled back transaction for test: [DefaultTestContext@5cf81f34 testClass = OrderServiceTest, testInstance = jpabook.jpashop.service.OrderServiceTest@3a388d00, testMethod = 상품주문_재고수량초과@OrderServiceTest, testException = [null], mergedContextConfiguration = [WebMergedContextConfiguration@6ee305af testClass = OrderServiceTest, locations = '{}', classes = '{class jpabook.jpashop.JpashopApplication}', contextInitializerClasses = '[]', activeProfiles = '{}', propertySourceLocations = '{}', propertySourceProperties = '{org.springframework.boot.test.context.SpringBootTestContextBootstrapper=true}', contextCustomizers = set[org.springframework.boot.test.autoconfigure.actuate.metrics.MetricsExportContextCustomizerFactory$DisableMetricExportContextCustomizer@35059095, org.springframework.boot.test.autoconfigure.properties.PropertyMappingContextCustomizer@0, org.springframework.boot.test.autoconfigure.web.servlet.WebDriverContextCustomizerFactory$Customizer@455f8651, org.springframework.boot.test.context.filter.ExcludeFilterContextCustomizer@30302645, org.springframework.boot.test.json.DuplicateJsonObjectContextCustomizerFactory$DuplicateJsonObjectContextCustomizer@2ba1f43e, org.springframework.boot.test.mock.mockito.MockitoContextCustomizer@0, org.springframework.boot.test.web.client.TestRestTemplateContextCustomizer@6bce51e, org.springframework.boot.test.context.SpringBootTestArgs@1, org.springframework.boot.test.context.SpringBootTestWebEnvironment@57cd998f], resourceBasePath = 'src/main/webapp', contextLoader = 'org.springframework.boot.test.context.SpringBootContextLoader', parent = [null]], attributes = map['org.springframework.test.context.web.ServletTestExecutionListener.activateListener' -> true, 'org.springframework.test.context.web.ServletTestExecutionListener.populatedRequestContextHolder' -> true, 'org.springframework.test.context.web.ServletTestExecutionListener.resetRequestContextHolder' -> true, 'org.springframework.test.context.event.ApplicationEventsTestExecutionListener.recordApplicationEvents' -> false]]
2021-06-03 18:09:46.884  INFO 18203 --- [    Test worker] o.s.t.c.transaction.TransactionContext   : Began transaction (1) for test context [DefaultTestContext@5cf81f34 testClass = OrderServiceTest, testInstance = jpabook.jpashop.service.OrderServiceTest@44ed3a08, testMethod = 상품주문@OrderServiceTest, testException = [null], mergedContextConfiguration = [WebMergedContextConfiguration@6ee305af testClass = OrderServiceTest, locations = '{}', classes = '{class jpabook.jpashop.JpashopApplication}', contextInitializerClasses = '[]', activeProfiles = '{}', propertySourceLocations = '{}', propertySourceProperties = '{org.springframework.boot.test.context.SpringBootTestContextBootstrapper=true}', contextCustomizers = set[org.springframework.boot.test.autoconfigure.actuate.metrics.MetricsExportContextCustomizerFactory$DisableMetricExportContextCustomizer@35059095, org.springframework.boot.test.autoconfigure.properties.PropertyMappingContextCustomizer@0, org.springframework.boot.test.autoconfigure.web.servlet.WebDriverContextCustomizerFactory$Customizer@455f8651, org.springframework.boot.test.context.filter.ExcludeFilterContextCustomizer@30302645, org.springframework.boot.test.json.DuplicateJsonObjectContextCustomizerFactory$DuplicateJsonObjectContextCustomizer@2ba1f43e, org.springframework.boot.test.mock.mockito.MockitoContextCustomizer@0, org.springframework.boot.test.web.client.TestRestTemplateContextCustomizer@6bce51e, org.springframework.boot.test.context.SpringBootTestArgs@1, org.springframework.boot.test.context.SpringBootTestWebEnvironment@57cd998f], resourceBasePath = 'src/main/webapp', contextLoader = 'org.springframework.boot.test.context.SpringBootContextLoader', parent = [null]], attributes = map['org.springframework.test.context.web.ServletTestExecutionListener.activateListener' -> true, 'org.springframework.test.context.web.ServletTestExecutionListener.populatedRequestContextHolder' -> true, 'org.springframework.test.context.web.ServletTestExecutionListener.resetRequestContextHolder' -> true, 'org.springframework.test.context.event.ApplicationEventsTestExecutionListener.recordApplicationEvents' -> false]]; transaction manager [org.springframework.orm.jpa.JpaTransactionManager@1edabd2e]; rollback [true]
true = true
2021-06-03 18:09:46.890 DEBUG 18203 --- [    Test worker] org.hibernate.SQL                        : call next value for hibernate_sequence
2021-06-03 18:09:46.894  INFO 18203 --- [    Test worker] p6spy                                    : #1622711386894 | took 0ms | statement | connection 6| url jdbc:h2:mem:981e8929-77d5-46e7-8116-5b254fd886cb
call next value for hibernate_sequence
call next value for hibernate_sequence;
2021-06-03 18:09:46.895 DEBUG 18203 --- [    Test worker] org.hibernate.SQL                        : call next value for hibernate_sequence
2021-06-03 18:09:46.896  INFO 18203 --- [    Test worker] p6spy                                    : #1622711386896 | took 0ms | statement | connection 6| url jdbc:h2:mem:981e8929-77d5-46e7-8116-5b254fd886cb
call next value for hibernate_sequence
call next value for hibernate_sequence;
2021-06-03 18:09:46.917 DEBUG 18203 --- [    Test worker] org.hibernate.SQL                        : call next value for hibernate_sequence
2021-06-03 18:09:46.917  INFO 18203 --- [    Test worker] p6spy                                    : #1622711386917 | took 0ms | statement | connection 6| url jdbc:h2:mem:981e8929-77d5-46e7-8116-5b254fd886cb
call next value for hibernate_sequence
call next value for hibernate_sequence;
2021-06-03 18:09:46.919 DEBUG 18203 --- [    Test worker] org.hibernate.SQL                        : call next value for hibernate_sequence
2021-06-03 18:09:46.919  INFO 18203 --- [    Test worker] p6spy                                    : #1622711386919 | took 0ms | statement | connection 6| url jdbc:h2:mem:981e8929-77d5-46e7-8116-5b254fd886cb
call next value for hibernate_sequence
call next value for hibernate_sequence;
2021-06-03 18:09:46.925 DEBUG 18203 --- [    Test worker] org.hibernate.SQL                        : call next value for hibernate_sequence
2021-06-03 18:09:46.925  INFO 18203 --- [    Test worker] p6spy                                    : #1622711386925 | took 0ms | statement | connection 6| url jdbc:h2:mem:981e8929-77d5-46e7-8116-5b254fd886cb
call next value for hibernate_sequence
call next value for hibernate_sequence;
2021-06-03 18:09:46.931  INFO 18203 --- [    Test worker] p6spy                                    : #1622711386931 | took 0ms | rollback | connection 6| url jdbc:h2:mem:981e8929-77d5-46e7-8116-5b254fd886cb

;
2021-06-03 18:09:46.939  INFO 18203 --- [    Test worker] o.s.t.c.transaction.TransactionContext   : Rolled back transaction for test: [DefaultTestContext@5cf81f34 testClass = OrderServiceTest, testInstance = jpabook.jpashop.service.OrderServiceTest@44ed3a08, testMethod = 상품주문@OrderServiceTest, testException = [null], mergedContextConfiguration = [WebMergedContextConfiguration@6ee305af testClass = OrderServiceTest, locations = '{}', classes = '{class jpabook.jpashop.JpashopApplication}', contextInitializerClasses = '[]', activeProfiles = '{}', propertySourceLocations = '{}', propertySourceProperties = '{org.springframework.boot.test.context.SpringBootTestContextBootstrapper=true}', contextCustomizers = set[org.springframework.boot.test.autoconfigure.actuate.metrics.MetricsExportContextCustomizerFactory$DisableMetricExportContextCustomizer@35059095, org.springframework.boot.test.autoconfigure.properties.PropertyMappingContextCustomizer@0, org.springframework.boot.test.autoconfigure.web.servlet.WebDriverContextCustomizerFactory$Customizer@455f8651, org.springframework.boot.test.context.filter.ExcludeFilterContextCustomizer@30302645, org.springframework.boot.test.json.DuplicateJsonObjectContextCustomizerFactory$DuplicateJsonObjectContextCustomizer@2ba1f43e, org.springframework.boot.test.mock.mockito.MockitoContextCustomizer@0, org.springframework.boot.test.web.client.TestRestTemplateContextCustomizer@6bce51e, org.springframework.boot.test.context.SpringBootTestArgs@1, org.springframework.boot.test.context.SpringBootTestWebEnvironment@57cd998f], resourceBasePath = 'src/main/webapp', contextLoader = 'org.springframework.boot.test.context.SpringBootContextLoader', parent = [null]], attributes = map['org.springframework.test.context.web.ServletTestExecutionListener.activateListener' -> true, 'org.springframework.test.context.web.ServletTestExecutionListener.populatedRequestContextHolder' -> true, 'org.springframework.test.context.web.ServletTestExecutionListener.resetRequestContextHolder' -> true, 'org.springframework.test.context.event.ApplicationEventsTestExecutionListener.recordApplicationEvents' -> false]]
2021-06-03 18:09:46.945  INFO 18203 --- [    Test worker] o.s.t.c.transaction.TransactionContext   : Began transaction (1) for test context [DefaultTestContext@5cf81f34 testClass = OrderServiceTest, testInstance = jpabook.jpashop.service.OrderServiceTest@2c02a861, testMethod = 주문취소@OrderServiceTest, testException = [null], mergedContextConfiguration = [WebMergedContextConfiguration@6ee305af testClass = OrderServiceTest, locations = '{}', classes = '{class jpabook.jpashop.JpashopApplication}', contextInitializerClasses = '[]', activeProfiles = '{}', propertySourceLocations = '{}', propertySourceProperties = '{org.springframework.boot.test.context.SpringBootTestContextBootstrapper=true}', contextCustomizers = set[org.springframework.boot.test.autoconfigure.actuate.metrics.MetricsExportContextCustomizerFactory$DisableMetricExportContextCustomizer@35059095, org.springframework.boot.test.autoconfigure.properties.PropertyMappingContextCustomizer@0, org.springframework.boot.test.autoconfigure.web.servlet.WebDriverContextCustomizerFactory$Customizer@455f8651, org.springframework.boot.test.context.filter.ExcludeFilterContextCustomizer@30302645, org.springframework.boot.test.json.DuplicateJsonObjectContextCustomizerFactory$DuplicateJsonObjectContextCustomizer@2ba1f43e, org.springframework.boot.test.mock.mockito.MockitoContextCustomizer@0, org.springframework.boot.test.web.client.TestRestTemplateContextCustomizer@6bce51e, org.springframework.boot.test.context.SpringBootTestArgs@1, org.springframework.boot.test.context.SpringBootTestWebEnvironment@57cd998f], resourceBasePath = 'src/main/webapp', contextLoader = 'org.springframework.boot.test.context.SpringBootContextLoader', parent = [null]], attributes = map['org.springframework.test.context.web.ServletTestExecutionListener.activateListener' -> true, 'org.springframework.test.context.web.ServletTestExecutionListener.populatedRequestContextHolder' -> true, 'org.springframework.test.context.web.ServletTestExecutionListener.resetRequestContextHolder' -> true, 'org.springframework.test.context.event.ApplicationEventsTestExecutionListener.recordApplicationEvents' -> false]]; transaction manager [org.springframework.orm.jpa.JpaTransactionManager@1edabd2e]; rollback [true]
2021-06-03 18:09:46.948 DEBUG 18203 --- [    Test worker] org.hibernate.SQL                        : call next value for hibernate_sequence
2021-06-03 18:09:46.949  INFO 18203 --- [    Test worker] p6spy                                    : #1622711386949 | took 0ms | statement | connection 7| url jdbc:h2:mem:981e8929-77d5-46e7-8116-5b254fd886cb
call next value for hibernate_sequence
call next value for hibernate_sequence;
2021-06-03 18:09:46.951 DEBUG 18203 --- [    Test worker] org.hibernate.SQL                        : call next value for hibernate_sequence
2021-06-03 18:09:46.951  INFO 18203 --- [    Test worker] p6spy                                    : #1622711386951 | took 0ms | statement | connection 7| url jdbc:h2:mem:981e8929-77d5-46e7-8116-5b254fd886cb
call next value for hibernate_sequence
call next value for hibernate_sequence;
2021-06-03 18:09:46.952 DEBUG 18203 --- [    Test worker] org.hibernate.SQL                        : call next value for hibernate_sequence
2021-06-03 18:09:46.953  INFO 18203 --- [    Test worker] p6spy                                    : #1622711386953 | took 0ms | statement | connection 7| url jdbc:h2:mem:981e8929-77d5-46e7-8116-5b254fd886cb
call next value for hibernate_sequence
call next value for hibernate_sequence;
2021-06-03 18:09:46.954 DEBUG 18203 --- [    Test worker] org.hibernate.SQL                        : call next value for hibernate_sequence
2021-06-03 18:09:46.954  INFO 18203 --- [    Test worker] p6spy                                    : #1622711386954 | took 0ms | statement | connection 7| url jdbc:h2:mem:981e8929-77d5-46e7-8116-5b254fd886cb
call next value for hibernate_sequence
call next value for hibernate_sequence;
2021-06-03 18:09:46.955 DEBUG 18203 --- [    Test worker] org.hibernate.SQL                        : call next value for hibernate_sequence
2021-06-03 18:09:46.956  INFO 18203 --- [    Test worker] p6spy                                    : #1622711386956 | took 0ms | statement | connection 7| url jdbc:h2:mem:981e8929-77d5-46e7-8116-5b254fd886cb
call next value for hibernate_sequence
call next value for hibernate_sequence;
2021-06-03 18:09:46.961  INFO 18203 --- [    Test worker] p6spy                                    : #1622711386961 | took 0ms | rollback | connection 7| url jdbc:h2:mem:981e8929-77d5-46e7-8116-5b254fd886cb

;
2021-06-03 18:09:46.962  INFO 18203 --- [    Test worker] o.s.t.c.transaction.TransactionContext   : Rolled back transaction for test: [DefaultTestContext@5cf81f34 testClass = OrderServiceTest, testInstance = jpabook.jpashop.service.OrderServiceTest@2c02a861, testMethod = 주문취소@OrderServiceTest, testException = [null], mergedContextConfiguration = [WebMergedContextConfiguration@6ee305af testClass = OrderServiceTest, locations = '{}', classes = '{class jpabook.jpashop.JpashopApplication}', contextInitializerClasses = '[]', activeProfiles = '{}', propertySourceLocations = '{}', propertySourceProperties = '{org.springframework.boot.test.context.SpringBootTestContextBootstrapper=true}', contextCustomizers = set[org.springframework.boot.test.autoconfigure.actuate.metrics.MetricsExportContextCustomizerFactory$DisableMetricExportContextCustomizer@35059095, org.springframework.boot.test.autoconfigure.properties.PropertyMappingContextCustomizer@0, org.springframework.boot.test.autoconfigure.web.servlet.WebDriverContextCustomizerFactory$Customizer@455f8651, org.springframework.boot.test.context.filter.ExcludeFilterContextCustomizer@30302645, org.springframework.boot.test.json.DuplicateJsonObjectContextCustomizerFactory$DuplicateJsonObjectContextCustomizer@2ba1f43e, org.springframework.boot.test.mock.mockito.MockitoContextCustomizer@0, org.springframework.boot.test.web.client.TestRestTemplateContextCustomizer@6bce51e, org.springframework.boot.test.context.SpringBootTestArgs@1, org.springframework.boot.test.context.SpringBootTestWebEnvironment@57cd998f], resourceBasePath = 'src/main/webapp', contextLoader = 'org.springframework.boot.test.context.SpringBootContextLoader', parent = [null]], attributes = map['org.springframework.test.context.web.ServletTestExecutionListener.activateListener' -> true, 'org.springframework.test.context.web.ServletTestExecutionListener.populatedRequestContextHolder' -> true, 'org.springframework.test.context.web.ServletTestExecutionListener.resetRequestContextHolder' -> true, 'org.springframework.test.context.event.ApplicationEventsTestExecutionListener.recordApplicationEvents' -> false]]
]]></system-out>
  <system-err><![CDATA[]]></system-err>
</testsuite>
